<?xml version="1.0" encoding="UTF-8"?>
<!-- Generated by org.testng.reporters.JUnitXMLReporter -->
<testsuite ignored="0" hostname="Namitha-GK-PC" failures="0" tests="8" name="Test" time="39.204" errors="0" timestamp="2024-11-08T15:35:35 IST">
  <testcase classname="testCases.LoginTest" name="verify_LoginTest" time="2.311"/>
  <testcase classname="testCases.SearchTest" name="verify_Search" time="3.637"/>
  <testcase classname="testCases.SearchTest" name="verify_Search_changeCategory" time="2.121"/>
  <testcase classname="testCases.SearchTest" name="verify_Searchfilter_SortBy_Show" time="1.692"/>
  <testcase classname="testCases.InvalidString_SearchTest" name="verify_Search_EmptyString" time="1.102"/>
  <testcase classname="testCases.InvalidString_SearchTest" name="verify_Search_InvalidString" time="0.974"/>
  <testcase classname="testCases.AccountRegistrationTest" name="verify_AccountRegistration" time="3.695"/>
  <testcase classname="testCases.AccountPg_HeaderAndLink_TxtTest" name="verify_LinkTxtElements_AccountPage" time="0.706"/>
</testsuite> <!-- Test -->
