<?xml version="1.0" encoding="UTF-8"?>
<!-- Generated by org.testng.reporters.JUnitXMLReporter -->
<testsuite ignored="0" hostname="Namitha-GK-PC" failures="0" tests="8" name="Test" time="44.971" errors="0" timestamp="2024-11-08T16:42:42 IST">
  <testcase classname="testCases.AccountRegistrationTest" name="verify_AccountRegistration" time="4.007"/>
  <testcase classname="testCases.LoginTest" name="verify_LoginTest" time="2.256"/>
  <testcase classname="testCases.AccountPg_HeaderAndLink_TxtTest" name="verify_LinkTxtElements_AccountPage" time="0.697"/>
  <testcase classname="testCases.SearchTest" name="verify_Search" time="2.936"/>
  <testcase classname="testCases.SearchTest" name="verify_Search_changeCategory" time="2.039"/>
  <testcase classname="testCases.SearchTest" name="verify_Searchfilter_SortBy_Show" time="1.687"/>
  <testcase classname="testCases.InvalidString_SearchTest" name="verify_Search_EmptyString" time="1.167"/>
  <testcase classname="testCases.InvalidString_SearchTest" name="verify_Search_InvalidString" time="1.2"/>
</testsuite> <!-- Test -->
