<?xml version="1.0" encoding="UTF-8"?>
<testsuite xmlns:xsi="http://www.w3.org/2001/XMLSchema-instance" xsi:noNamespaceSchemaLocation="https://maven.apache.org/surefire/maven-surefire-plugin/xsd/surefire-test-report.xsd" version="3.0.2" name="TestSuite" time="47.084" tests="8" errors="0" skipped="0" failures="0">
  <properties>
[...]
</properties>
  <testcase name="verify_AccountRegistration" classname="testCases.AccountRegistrationTest" time="4.007">
    <system-out><![CDATA[2024-11-08T11:11:56.120391500Z main INFO Starting configuration XmlConfiguration[location=D:\Study\Eclipse\Eclipse\eclipse-workspace\OpencartV1.0\target\test-classes\log4j2.xml, lastModified=2024-10-29T11:40:44.990Z]...
2024-11-08T11:11:56.122385300Z main INFO Start watching for changes to D:\Study\Eclipse\Eclipse\eclipse-workspace\OpencartV1.0\target\test-classes\log4j2.xml every 0 seconds
2024-11-08T11:11:56.122385300Z main INFO Configuration XmlConfiguration[location=D:\Study\Eclipse\Eclipse\eclipse-workspace\OpencartV1.0\target\test-classes\log4j2.xml, lastModified=2024-10-29T11:40:44.990Z] started.
2024-11-08T11:11:56.123383Z main INFO Stopping configuration org.apache.logging.log4j.core.config.DefaultConfiguration@5c30a9b0...
2024-11-08T11:11:56.124379900Z main INFO Configuration org.apache.logging.log4j.core.config.DefaultConfiguration@5c30a9b0 stopped.
2024-11-08 16:42:01 INFO  AccountRegistrationTest:15 - ** Starting Exection of AccountRegistration Test **
2024-11-08 16:42:01 INFO  AccountRegistrationTest:20 - ** Navigating to Account Registration Page **
2024-11-08 16:42:02 INFO  AccountRegistrationTest:24 - ** Providing Customer Details **
2024-11-08 16:42:02 INFO  AccountRegistrationTest:29 - ** Password Setup **
2024-11-08 16:42:04 INFO  AccountRegistrationTest:36 - ** Account Registration Complete **
2024-11-08 16:42:04 INFO  AccountRegistrationTest:37 - ** Registration Confirmation Message Check **
2024-11-08 16:42:05 INFO  AccountRegistrationTest:40 - ** After Registration continue to Login Page **
2024-11-08 16:42:05 INFO  AccountRegistrationTest:56 - ** Completed Execution of AccountRegistration Test **
]]></system-out>
    <system-err><![CDATA[Nov 08, 2024 4:41:58 PM org.openqa.selenium.devtools.CdpVersionFinder findNearestMatch
WARNING: Unable to find an exact match for CDP version 130, returning the closest version; found: 129; Please update to a Selenium version that supports CDP version 130
]]></system-err>
  </testcase>
  <testcase name="verify_LoginTest" classname="testCases.LoginTest" time="2.255">
    <system-out><![CDATA[2024-11-08 16:42:10 INFO  LoginTest:16 - ** Starting Execution of Login Test **
2024-11-08 16:42:10 INFO  LoginTest:20 - ** Navigating to Login Page **
2024-11-08 16:42:11 INFO  LoginTest:24 - ** Provide Login Details **
2024-11-08 16:42:12 INFO  LoginTest:30 - ** Verifying Login Success **
2024-11-08 16:42:12 INFO  LoginTest:48 - ** Completed Execution of Login Test **
]]></system-out>
    <system-err><![CDATA[Nov 08, 2024 4:42:07 PM org.openqa.selenium.devtools.CdpVersionFinder findNearestMatch
WARNING: Unable to find an exact match for CDP version 130, returning the closest version; found: 129; Please update to a Selenium version that supports CDP version 130
]]></system-err>
  </testcase>
  <testcase name="verify_LinkTxtElements_AccountPage" classname="testCases.AccountPg_HeaderAndLink_TxtTest" time="0.71">
    <system-out><![CDATA[2024-11-08 16:42:17 INFO  AccountPg_HeaderAndLink_TxtTest:17 - ** Login to Web Application **
2024-11-08 16:42:18 INFO  AccountPg_HeaderAndLink_TxtTest:26 - ** Provide Login Details **
2024-11-08 16:42:20 INFO  AccountPg_HeaderAndLink_TxtTest:35 - ** Verifying Login Success **
2024-11-08 16:42:20 INFO  AccountPg_HeaderAndLink_TxtTest:54 - ** Login successful **
2024-11-08 16:42:20 INFO  AccountPg_HeaderAndLink_TxtTest:19 - ** Starting Execution of Account Page Header & Link_Text Elements Test **
2024-11-08 16:42:20 INFO  AccountPg_HeaderAndLink_TxtTest:35 - ** Verify Text-My Account Is Present **
2024-11-08 16:42:20 INFO  AccountPg_HeaderAndLink_TxtTest:37 - ** Verify Text-My Orders Is Present **
2024-11-08 16:42:20 INFO  AccountPg_HeaderAndLink_TxtTest:39 - ** Verify Text-My Affiliate Account Is Present **
2024-11-08 16:42:20 INFO  AccountPg_HeaderAndLink_TxtTest:41 - ** Verify Text-Newsletter Is Present **
2024-11-08 16:42:20 INFO  AccountPg_HeaderAndLink_TxtTest:44 - ***** Verifying Link Texts Under Header-My Account ****
2024-11-08 16:42:20 INFO  AccountPg_HeaderAndLink_TxtTest:45 - ** Verify Text-Edit your account information Is Present **
2024-11-08 16:42:20 INFO  AccountPg_HeaderAndLink_TxtTest:47 - ** Verify Text-Change your password Is Present **
2024-11-08 16:42:20 INFO  AccountPg_HeaderAndLink_TxtTest:49 - ** Verify Text-Modify your address book entries Is Present **
2024-11-08 16:42:20 INFO  AccountPg_HeaderAndLink_TxtTest:51 - ** Verify Text-Modify your wish list Is Present **
2024-11-08 16:42:20 INFO  AccountPg_HeaderAndLink_TxtTest:54 - ***** Verifying Link Texts Under Header-My Orders *****
2024-11-08 16:42:20 INFO  AccountPg_HeaderAndLink_TxtTest:55 - ** Verify Text-View your order history Is Present **
2024-11-08 16:42:20 INFO  AccountPg_HeaderAndLink_TxtTest:57 - ** Verify Text-Downloads Is Present **
2024-11-08 16:42:20 INFO  AccountPg_HeaderAndLink_TxtTest:59 - ** Verify Text-Your Reward Points Is Present **
2024-11-08 16:42:20 INFO  AccountPg_HeaderAndLink_TxtTest:61 - ** Verify Text-View your return requests Is Present **
2024-11-08 16:42:20 INFO  AccountPg_HeaderAndLink_TxtTest:63 - ** Verify Text-Your Transactions Is Present **
2024-11-08 16:42:20 INFO  AccountPg_HeaderAndLink_TxtTest:65 - ** Verify Text-Recurring payments Is Present **
2024-11-08 16:42:20 INFO  AccountPg_HeaderAndLink_TxtTest:68 - ***** Verifying Link Texts Under Header-My Affiliate Account *****
2024-11-08 16:42:20 INFO  AccountPg_HeaderAndLink_TxtTest:69 - ** Verify Text-Register for an affiliate account Is Present **
2024-11-08 16:42:20 INFO  AccountPg_HeaderAndLink_TxtTest:72 - ****** Verifying Link Texts Under Header-Newsletter ******
2024-11-08 16:42:20 INFO  AccountPg_HeaderAndLink_TxtTest:73 - ** Verify Text-Subscribe/Unsubscribe to newsletter Is Present **
2024-11-08 16:42:20 INFO  AccountPg_HeaderAndLink_TxtTest:77 - ** Completed Execution of Account Page Header & Link_Text Elements Test **
]]></system-out>
    <system-err><![CDATA[Nov 08, 2024 4:42:15 PM org.openqa.selenium.devtools.CdpVersionFinder findNearestMatch
WARNING: Unable to find an exact match for CDP version 130, returning the closest version; found: 129; Please update to a Selenium version that supports CDP version 130
]]></system-err>
  </testcase>
  <testcase name="verify_Search" classname="testCases.SearchTest" time="2.936">
    <system-out><![CDATA[2024-11-08 16:42:25 INFO  SearchTest:17 - ** Starting Execution Of Search Test **
2024-11-08 16:42:25 INFO  SearchTest:22 - ** From The Home Page **
2024-11-08 16:42:26 INFO  SearchTest:24 - ** Enter Search Text **
2024-11-08 16:42:26 INFO  SearchTest:26 - ** Click On Search Icon **
2024-11-08 16:42:26 INFO  SearchTest:29 - ** Navigating To Search Page **
2024-11-08 16:42:27 INFO  SearchTest:32 - ** Verify Search Value Displayed **
2024-11-08 16:42:27 INFO  SearchTest:34 - ** Verify Search Value Results **
2024-11-08 16:42:27 INFO  SearchTest:36 - ** Verify Products meeting the search criteria are displayed **
2024-11-08 16:42:27 INFO  SearchTest:38 - ** Verify Navigation to Product Page **
2024-11-08 16:42:28 INFO  SearchTest:41 - ** Completed Execution of Search Test**
]]></system-out>
    <system-err><![CDATA[Nov 08, 2024 4:42:23 PM org.openqa.selenium.devtools.CdpVersionFinder findNearestMatch
WARNING: Unable to find an exact match for CDP version 130, returning the closest version; found: 129; Please update to a Selenium version that supports CDP version 130
]]></system-err>
  </testcase>
  <testcase name="verify_Search_changeCategory" classname="testCases.SearchTest" time="2.041">
    <system-out><![CDATA[2024-11-08 16:42:28 INFO  SearchTest:47 - ** Starting Execution Of Search_ChangeCategory Test **
2024-11-08 16:42:28 INFO  SearchTest:52 - ** Enter Search Text **
2024-11-08 16:42:29 INFO  SearchTest:54 - ** Click On Search Icon **
2024-11-08 16:42:29 INFO  SearchTest:57 - ** Navigating To Search Page **
2024-11-08 16:42:29 INFO  SearchTest:62 - ** Select Category **
2024-11-08 16:42:30 INFO  SearchTest:69 - ** Verify Products meeting the search criteria are displayed **
2024-11-08 16:42:30 INFO  SearchTest:74 - ** Completed Execution Of Search_ChangeCategory Test **
]]></system-out>
  </testcase>
  <testcase name="verify_Searchfilter_SortBy_Show" classname="testCases.SearchTest" time="1.691">
    <system-out><![CDATA[2024-11-08 16:42:30 INFO  SearchTest:81 - ** Starting Execution Of Search With Filter Test **
2024-11-08 16:42:30 INFO  SearchTest:83 - ** Navigating To Search Page **
2024-11-08 16:42:31 INFO  SearchTest:85 - ** Select Sortby Value **
2024-11-08 16:42:31 INFO  SearchTest:87 - ** Verify Sortby Value Selected **
2024-11-08 16:42:31 INFO  SearchTest:90 - ** Select Show Dropdown Value **
2024-11-08 16:42:32 INFO  SearchTest:94 - ** Verify Show Dropdown Value **
2024-11-08 16:42:32 INFO  SearchTest:97 - ** Completed Execution Of Search With Filter Test **
]]></system-out>
  </testcase>
  <testcase name="verify_Search_EmptyString" classname="testCases.InvalidString_SearchTest" time="1.169">
    <system-out><![CDATA[2024-11-08 16:42:37 INFO  InvalidString_SearchTest:49 - ** Starting Execution of Search with Empty String Test **
2024-11-08 16:42:37 INFO  InvalidString_SearchTest:54 - ** From The Home Page **
2024-11-08 16:42:37 INFO  InvalidString_SearchTest:56 - ** Enter Search text **
2024-11-08 16:42:38 INFO  InvalidString_SearchTest:58 - ** Click on Search icon **
2024-11-08 16:42:38 INFO  InvalidString_SearchTest:61 - ** Navigating to Search Page **
2024-11-08 16:42:38 INFO  InvalidString_SearchTest:64 - ** Verify Search value displayed **
2024-11-08 16:42:38 INFO  InvalidString_SearchTest:69 - ** Verify Search value results  with Empty Search String **
2024-11-08 16:42:38 INFO  InvalidString_SearchTest:72 - ** Verify Text - No Product Match is displayed **
2024-11-08 16:42:38 INFO  InvalidString_SearchTest:75 - ** Completed Execution of Search with Empty String Test**
]]></system-out>
    <system-err><![CDATA[Nov 08, 2024 4:42:35 PM org.openqa.selenium.devtools.CdpVersionFinder findNearestMatch
WARNING: Unable to find an exact match for CDP version 130, returning the closest version; found: 129; Please update to a Selenium version that supports CDP version 130
]]></system-err>
  </testcase>
  <testcase name="verify_Search_InvalidString" classname="testCases.InvalidString_SearchTest" time="1.208">
    <system-out><![CDATA[2024-11-08 16:42:38 INFO  InvalidString_SearchTest:18 - ** Starting Execution of Search with Invalid String Test **
2024-11-08 16:42:38 INFO  InvalidString_SearchTest:23 - ** From The Home Page **
2024-11-08 16:42:38 INFO  InvalidString_SearchTest:25 - ** Enter Search text **
2024-11-08 16:42:39 INFO  InvalidString_SearchTest:27 - ** Click on Search icon **
2024-11-08 16:42:39 INFO  InvalidString_SearchTest:30 - ** Navigating to Search Page **
2024-11-08 16:42:40 INFO  InvalidString_SearchTest:33 - ** Verify Search value displayed **
2024-11-08 16:42:40 INFO  InvalidString_SearchTest:37 - ** Verify Search value results  with Invalid Search String **
2024-11-08 16:42:40 INFO  InvalidString_SearchTest:40 - ** Verify Text - No Product Match is displayed **
2024-11-08 16:42:40 INFO  InvalidString_SearchTest:43 - ** Completed Execution of Search with Invalid String Test**
]]></system-out>
  </testcase>
</testsuite>